2020-12-29 14:54:46,395 INFO notifyConnectTimeout:200

2020-12-29 14:54:46,418 INFO notifySocketTimeout:8000

2020-12-29 14:54:46,418 INFO isHealthCheck:true

2020-12-29 14:54:46,418 INFO maxHealthCheckFailCount:12

2020-12-29 14:54:46,418 INFO maxContent:10485760

2020-12-29 14:54:47,869 INFO Schema 'NACOS' already exists.

2020-12-29 14:54:48,015 INFO Table/View 'CONFIG_INFO' already exists in Schema 'NACOS'.

2020-12-29 14:54:48,177 INFO Table/View 'HIS_CONFIG_INFO' already exists in Schema 'NACOS'.

2020-12-29 14:54:48,253 INFO Table/View 'CONFIG_INFO_BETA' already exists in Schema 'NACOS'.

2020-12-29 14:54:48,319 INFO Table/View 'CONFIG_INFO_TAG' already exists in Schema 'NACOS'.

2020-12-29 14:54:48,405 INFO Table/View 'CONFIG_INFO_AGGR' already exists in Schema 'NACOS'.

2020-12-29 14:54:48,471 INFO Table/View 'APP_LIST' already exists in Schema 'NACOS'.

2020-12-29 14:54:48,544 INFO Table/View 'APP_CONFIGDATA_RELATION_SUBS' already exists in Schema 'NACOS'.

2020-12-29 14:54:48,609 INFO Table/View 'APP_CONFIGDATA_RELATION_PUBS' already exists in Schema 'NACOS'.

2020-12-29 14:54:48,676 INFO Table/View 'CONFIG_TAGS_RELATION' already exists in Schema 'NACOS'.

2020-12-29 14:54:48,778 INFO Table/View 'GROUP_CAPACITY' already exists in Schema 'NACOS'.

2020-12-29 14:54:48,845 INFO Table/View 'TENANT_CAPACITY' already exists in Schema 'NACOS'.

2020-12-29 14:54:48,918 INFO Table/View 'TENANT_INFO' already exists in Schema 'NACOS'.

2020-12-29 14:54:49,009 INFO Table/View 'USERS' already exists in Schema 'NACOS'.

2020-12-29 14:54:49,076 INFO Table/View 'ROLES' already exists in Schema 'NACOS'.

2020-12-29 14:54:49,143 INFO Table/View 'PERMISSIONS' already exists in Schema 'NACOS'.

2020-12-29 14:54:49,276 INFO The statement was aborted because it would have caused a duplicate key value in a unique or primary key constraint or unique index identified by 'SQL201113174025900' defined on 'USERS'.

2020-12-29 14:54:49,291 INFO The statement was aborted because it would have caused a duplicate key value in a unique or primary key constraint or unique index identified by 'UK_USERNAME_ROLE' defined on 'ROLES'.

2020-12-29 14:54:51,856 INFO ServerListService address-server port:8080

2020-12-29 14:54:51,856 INFO ADDRESS_SERVER_URL:http://jmenv.tbsite.net:8080/nacos/serverlist

2020-12-29 14:54:51,859 WARN [serverlist] updated to [172.16.50.183:8848]

2020-12-29 14:54:51,952 WARN DumpService start

2020-12-29 14:54:51,955 INFO start clear all config-info.

2020-12-29 14:54:51,961 WARN clear all config-info failed.

2020-12-29 14:54:51,961 WARN clear all config-info-tenant failed.

2020-12-29 14:54:52,083 INFO [all-dump] 13 / 13

2020-12-29 14:54:52,083 INFO start clear all config-info-beta.

2020-12-29 14:54:52,083 WARN clear all config-info-beta failed.

2020-12-29 14:54:52,083 WARN clear all config-info-beta-tenant failed.

2020-12-29 14:54:52,124 INFO start clear all config-info-tag.

2020-12-29 14:54:52,124 WARN clear all config-info-tag failed.

2020-12-29 14:54:52,124 WARN clear all config-info-tag-tenant failed.

