2020-12-30 08:41:00,422 INFO PERFORMANCE:|2|2|-1|-1

2020-12-30 08:46:00,472 INFO PERFORMANCE:|2|2|-1|-1

2020-12-30 08:51:00,474 INFO PERFORMANCE:|2|2|-1|-1

2020-12-30 08:56:00,474 INFO PERFORMANCE:|2|2|-1|-1

2020-12-30 09:01:00,476 INFO PERFORMANCE:|2|2|-1|-1

2020-12-30 09:06:00,478 INFO PERFORMANCE:|2|2|-1|-1

2020-12-30 09:11:00,480 INFO PERFORMANCE:|2|2|-1|-1

2020-12-30 09:16:00,481 INFO PERFORMANCE:|2|2|-1|-1

2020-12-30 09:21:00,482 INFO PERFORMANCE:|2|2|-1|-1

2020-12-30 09:26:00,484 INFO PERFORMANCE:|2|2|-1|-1

2020-12-30 09:31:00,485 INFO PERFORMANCE:|2|2|-1|-1

2020-12-30 09:36:00,486 INFO PERFORMANCE:|2|2|-1|-1

2020-12-30 09:41:00,487 INFO PERFORMANCE:|2|2|-1|-1

2020-12-30 09:46:00,488 INFO PERFORMANCE:|2|2|-1|-1

2020-12-30 09:51:00,490 INFO PERFORMANCE:|2|2|-1|-1

2020-12-30 09:56:00,492 INFO PERFORMANCE:|2|2|-1|-1

2020-12-30 10:01:00,492 INFO PERFORMANCE:|2|2|-1|-1

2020-12-30 10:06:00,494 INFO PERFORMANCE:|2|2|-1|-1

2020-12-30 10:11:00,495 INFO PERFORMANCE:|2|2|-1|-1

2020-12-30 10:16:00,497 INFO PERFORMANCE:|2|2|-1|-1

2020-12-30 10:21:00,499 INFO PERFORMANCE:|2|2|-1|-1

2020-12-30 10:26:00,499 INFO PERFORMANCE:|2|2|-1|-1

2020-12-30 10:31:00,501 INFO PERFORMANCE:|2|2|-1|-1

2020-12-30 10:36:00,502 INFO PERFORMANCE:|2|2|-1|-1

2020-12-30 10:41:00,504 INFO PERFORMANCE:|2|2|-1|-1

2020-12-30 10:46:00,507 INFO PERFORMANCE:|2|2|-1|-1

2020-12-30 10:51:00,508 INFO PERFORMANCE:|2|2|-1|-1

2020-12-30 10:56:00,510 INFO PERFORMANCE:|2|2|-1|-1

2020-12-30 11:01:00,511 INFO PERFORMANCE:|2|2|-1|-1

2020-12-30 11:06:00,513 INFO PERFORMANCE:|2|2|-1|-1

2020-12-30 11:11:00,514 INFO PERFORMANCE:|2|2|-1|-1

2020-12-30 11:16:00,516 INFO PERFORMANCE:|2|2|-1|-1

2020-12-30 11:21:00,517 INFO PERFORMANCE:|2|2|-1|-1

2020-12-30 11:26:00,518 INFO PERFORMANCE:|2|2|-1|-1

2020-12-30 11:31:00,523 INFO PERFORMANCE:|2|2|-1|-1

2020-12-30 11:36:00,524 INFO PERFORMANCE:|2|2|-1|-1

2020-12-30 11:41:00,526 INFO PERFORMANCE:|2|2|-1|-1

2020-12-30 11:46:00,528 INFO PERFORMANCE:|2|2|-1|-1

2020-12-30 11:51:00,529 INFO PERFORMANCE:|2|2|-1|-1

2020-12-30 11:56:00,529 INFO PERFORMANCE:|2|2|-1|-1

2020-12-30 12:01:00,530 INFO PERFORMANCE:|2|2|-1|-1

2020-12-30 13:19:50,165 INFO PERFORMANCE:|2|2|-1|-1

2020-12-30 13:24:50,167 INFO PERFORMANCE:|2|2|-1|-1

2020-12-30 13:29:50,167 INFO PERFORMANCE:|2|2|-1|-1

2020-12-30 13:34:50,177 INFO PERFORMANCE:|2|2|-1|-1

2020-12-30 13:39:50,178 INFO PERFORMANCE:|2|2|-1|-1

2020-12-30 13:44:50,179 INFO PERFORMANCE:|2|2|-1|-1

2020-12-30 13:49:50,181 INFO PERFORMANCE:|2|2|-1|-1

2020-12-30 13:54:50,181 INFO PERFORMANCE:|2|2|-1|-1

2020-12-30 13:59:50,182 INFO PERFORMANCE:|2|2|-1|-1

2020-12-30 14:04:50,184 INFO PERFORMANCE:|2|2|-1|-1

2020-12-30 14:09:50,185 INFO PERFORMANCE:|2|2|-1|-1

2020-12-30 14:14:50,187 INFO PERFORMANCE:|2|2|-1|-1

2020-12-30 14:19:50,190 INFO PERFORMANCE:|2|2|-1|-1

2020-12-30 14:24:50,191 INFO PERFORMANCE:|2|2|-1|-1

2020-12-30 14:29:50,192 INFO PERFORMANCE:|2|2|-1|-1

2020-12-30 14:34:50,194 INFO PERFORMANCE:|2|2|-1|-1

2020-12-30 14:39:50,195 INFO PERFORMANCE:|2|2|-1|-1

2020-12-30 14:44:50,196 INFO PERFORMANCE:|2|2|-1|-1

2020-12-30 14:49:50,206 INFO PERFORMANCE:|2|2|-1|-1

2020-12-30 14:54:50,207 INFO PERFORMANCE:|2|2|-1|-1

2020-12-30 14:59:50,208 INFO PERFORMANCE:|2|2|-1|-1

2020-12-30 15:04:50,210 INFO PERFORMANCE:|2|2|-1|-1

2020-12-30 15:09:50,212 INFO PERFORMANCE:|2|2|-1|-1

2020-12-30 15:14:50,221 INFO PERFORMANCE:|2|2|-1|-1

2020-12-30 15:19:50,231 INFO PERFORMANCE:|2|2|-1|-1

2020-12-30 15:24:50,233 INFO PERFORMANCE:|2|2|-1|-1

2020-12-30 15:29:50,235 INFO PERFORMANCE:|2|2|-1|-1

